Name
Acid Splash 
Blade Ward 
Booming Blade 
Chill Touch 
Control Flames 
Create Bonfire 
Dancing Lights 
Druidcraft 
Eldritch Blast 
Encode Thoughts
Fire Bolt 
Friends 
Frostbite 
Green-Flame Blade
Guidance 
Gust 
Infestation 
Light 
Lightning Lure 
Mage Hand 
Magic Stone 
Mending 
Message 
Mind Sliver
Minor Illusion 
Mold earth 
Poison Spray 
Prestidigitation 
Primal Savagery 
Produce Flame 
Ray of Frost 
Resistance 
Sacred Flame 
Sapping Sting
Shape Water 
Shillelagh 
Shocking Grasp 
Spare the Dying 
Sword Burst 
Thaumaturgy 
Thorn Whip 
Thunderclap 
Toll the Dead 
True Strike 
Vicious Mockery 
Word of Radiance 
Absorb Elements 
Alarm 
Animal Friendship 
Armor of Agathys 
Arms of Hadar 
Bane 
Beast Bond 
Bless 
Burning Hands 
Catapult 
Cause Fear 
Ceremony 
Chaos Bolt 
Charm Person 
Chromatic Orb 
Color Spray 
Command 
Compelled Duel 
Comprehend Languages 
Create or Destroy Water 
Cure Wounds 
Detect Evil and Good 
Detect Magic 
Detect Poison and Disease 
Disguise Self 
Dissonant Whispers 
Distort Value
Divine Favor 
Earth Tremor 
Ensnaring Strike 
Entangle 
Expeditious Retreat 
Faerie Fire 
False Life 
Feather Fall 
Find Familiar 
Floating Disk
Fog Cloud 
Gift of Alacrity
Goodberry 
Grease 
Guiding Bolt 
Hail of Thorns 
Healing Word 
Hellish Rebuke 
Heroism 
Hex 
Hideous Laughter
Hunter's Mark 
Ice Knife 
Identify 
Illusory Script 
Inflict Wounds 
Jim's Magic Missile
Jump 
Longstrider 
Mage Armor 
Magic Missile 
Magnify Gravity
Protection from Evil and Good 
Purify Food and Drink 
Ray of Sickness 
Sanctuary 
Searing Smite 
Shield 
Shield of Faith 
Silent Image 
Sleep 
Snare 
Speak with Animals 
Tasha's Caustinc Brew
Tasha's Hideous Laughter 
Tenser's Floating Disk 
Thunderous Smite 
Thunderwave 
Unseen Servant 
Witch Bolt 
Wrathful Smite 
Zephyr Strike 
Acid Arrow
Aganazzar's Scorcher 
Aid 
Alter Self 
Animal Messenger 
Arcane Lock 
Arcanist's Magic Aura
Augury 
Barkskin 
Beast Sense 
Blindness/Deafness 
Blur 
Branding Smite 
Calm Emotions 
Cloud of Daggers 
Continual Flame 
Cordon of Arrows 
Crown of Madness 
Darkness 
Darkvision 
Detect Thoughts 
Dragon's Breath 
Dust Devil 
Earthbind 
Enhance Ability 
Enlarge/Reduce 
Enthrall 
Find Steed 
Find Traps 
Flame Blade 
Flaming Sphere 
Flock of Familiars
Fortune's Favor
Gentle Repose 
Gift of Gab
Gust of Wind 
Healing Spirit 
Heat Metal 
Hold Person 
Immovable Object
Invisibility 
Jim's Glowing Coin
Knock 
Lesser Restoration 
Levitate 
Locate Animals or Plants 
Locate Object 
Magic Mouth 
Magic Weapon 
Maximilian's Earthen Grasp 
Melf's Acid Arrow 
Mind Spike 
Mirror Image 
Misty Step 
Moonbeam 
Nystul's Magic Aura 
Pass Without Trace 
Phantasmal Force 
Prayer of Healing 
Protection from Poison 
Pyrotechnics 
Ray of Enfeeblement 
Rope Trick 
Scorching Ray 
See invisibility 
Shadow Blade 
Shatter 
Silence 
Skywrite 
Snilloc's Snowball Swarm 
Spider Climb 
Spike Growth 
Spiritual Weapon 
Suggestion 
Summon Beast
Tasha's Mind Whip
Warding Bond 
Warding Wind 
Web 
Wristpocket
Zone of Truth 
Animate Dead 
Aura of Vitality 
Beacon of Hope 
Bestow Curse 
Blinding Smite 
Blink 
Call Lightning 
Catnap 
Clairvoyance 
Conjure Animals 
Conjure Barrage 
Counterspell 
Create Food and Water 
Crusader's Mantle 
Daylight 
Dispel Magic 
Elemental Weapon 
Enemies abound 
Erupting Earth 
Fast Friends
Fear 
Feign Death 
Fireball 
Flame Arrows 
Fly 
Galder's Tower
Gaseous Form 
Glyph of Warding 
Haste 
Hunger of Hadar 
Hypnotic Pattern 
Incite Greed
Intellect Fortress
Leomund's Tiny Hut 
Life Transference 
Lightning Arrow 
Lightning Bolt 
Magic Circle 
Major Image 
Mass Healing Word 
Meld into Stone 
Melf's Minute Meteors 
Motivational Speech
Nondetection 
Phantom Steed 
Plant Growth 
Protection from Energy 
Pulse Wave
Remove Curse 
Revivify 
Sending 
Sleet Storm 
Slow 
Speak with Dead 
Speak with Plants 
Spirit Guardians 
Sprit Shroud
Stinking Cloud 
Summon Fey
Summon Lesser Demons 
Summon Shadowspawn
Summon Undead
Thunder Step 
Tidal Wave 
Tiny Hut
Tiny Servant 
Tongues 
Vampiric Touch 
Wall of Sand 
Wall of Water 
Water Breathing 
Water Walk 
Wind Wall 
Arcane Eye 
Aura of Life 
Aura of Purity 
Banishment 
Black Tentacles
Blight 
Charm Monster 
Compulsion 
Confusion 
Conjure Minor Elementals 
Conjure Woodland Beings 
Control Water 
Death Ward 
Dimension Door 
Divination 
Dominate Beast 
Elemental Bane 
Evard's Black Tentacles 
Fabricate 
Faithful Hound
Find Greater Steed 
Fire Shield 
Freedom of Movement 
Galder's Speedy Courier
Giant Insect 
Grasping Vine 
Gravity Sinkhole
Greater Invisibility 
Guardian of Faith 
Guardian of Nature 
Hallucinatory Terrain 
Ice Storm 
Leomund's Secret Chest 
Locate Creature 
Mordenkainen's Faithful Hound 
Mordenkainen's Private Sanctum 
Otiluke's Resilient Sphere 
Phantasmal Killer 
Polymorph 
Private Sanctum
Resiliant Sphere
Secret Chest
Shadow of Moil 
Sickening Radiance 
Staggering Smite 
Stone Shape 
Stoneskin 
Storm Sphere 
Summon Aberration
Summon Construct
Summon Elemental
Summon Greater Demon 
Vitriolic Sphere 
Wall of Fire 
Watery Sphere 
Animate Objects 
Antilife Shell 
Arcane Hand
Awaken 
Banishing Smite 
Bigby's Hand 
Circle of Power 
Cloudkill 
Commune 
Commune with Nature 
Cone of Cold 
Conjure Elemental 
Conjure Volley 
Contact Other Plane 
Contagion 
Control Winds 
Creation 
Danse Macabre 
Dawn 
Destructive Wave 
Dispel Evil and Good 
Dominate Person 
Dream 
Enervation 
Far Step 
Flame Strike 
Geas 
Greater Restoration 
Hallow 
Hold Monster 
Holy Weapon 
Immolation 
Infernal Calling 
Insect Plague 
Legend Lore 
Maelstrom 
Mass Cure Wounds 
Mislead 
Modify Memory 
Negative Energy Flood 
Passwall 
Planar Binding 
Raise Dead 
Rary's Telepathic Bond 
Reincarnate 
Scrying 
Seeming 
Skill Empowerment 
Steel Wind Strike 
Summon Celestial
Swift Quiver 
Synaptic Static 
Telekinesis 
Telepathic Bond
Teleportation Circle 
Temporal Shunt
Transmute Rock 
Tree Stride 
Wall of Force 
Wall of Light 
Wall of Stone 
Wrath of Nature 
Arcane Gate 
Blade Barrier 
Bones of the Earth 
Chain Lightning 
Circle of Death 
Conjure Fey 
Contingency 
Create Homunculus 
Create Undead 
Disintegrate 
Drawmij's Instant Summons 
Druid Grove 
Eyebite 
Find the Path 
Flesh to Stone 
Forbiddance 
Freezing Sphere
Globe of Invulnerability 
Gravity Fissure
Guards and Wards 
Harm 
Heal 
Heroes' Feast 
Instant Summons
Investiture of Flame 
Investiture of Ice 
Investiture of Stone 
Investiture of Wind 
Magic Jar 
Mass Suggestion 
Mental Prison 
Move Earth 
Otiluke's Freezing Sphere
Otiluke's Freezing Sphere 
Otto's Irresistible Dance 
Planar Ally 
Primordial Ward 
Programmed Illusion 
Scatter 
Soul Cage 
Summon Fiend
Sunbeam 
Tasha's Otherworldy Guise
Tenser's Transformation 
Transport via Plants 
True Seeing 
Wall of Ice 
Wall of Thorns 
Wind Walk 
Word of Recall 
Conjure Celestial 
Crown of Stars 
Delayed Blast Fireball 
Divine Word 
Dream of the Blue Veil
Etherealness 
Finger of Death 
Fire Storm 
Forcecage 
Magnificent Mansion
Mirage Arcane 
Mordenkainen's Magnificent Mansion 
Mordenkainen's Sword 
Plane Shift 
Power Word Pain 
Prismatic Spray 
Project Image 
Regenerate 
Resurrection 
Reverse Gravity 
Sequester 
Simulacrum 
Symbol 
Teleport 
Temple of the Gods 
Tether Essence
Whirlwind 
Abi-Dalzim's Horrid Wilting 
Animal Shapes 
Antimagic Field 
Antipathy/Sympathy 
Clone 
Control Weather 
Dark Star
Demiplane 
Dominate Monster 
Earthquake 
Feeblemind 
Glibness 
Holy Aura 
Illusory Dragon 
Incendiary Cloud 
Maddening Darkness 
Maze 
Mighty Fortress 
Mind Blank 
Power Word Stun 
Reality Break
Sunburst 
Telepathy 
Tsunami 
Astral Projection 
Blade of Disaster
Foresight 
Gate 
Imprisonment 
Invulnerability 
Mass Heal 
Mass Polymorph 
Meteor Swarm 
Power Word Heal 
Power Word Kill 
Prismatic Wall 
Psychic Scream 
Ravenous Void
Shapechange 
Storm of Vengeance 
Time Ravage
Time Stop 
True Polymorph 
True Resurrection 
Weird 
Wish 